#
# There is insufficient memory for the Java Runtime Environment to continue.
# Native memory allocation (mmap) failed to map 4096 bytes for card table last card
# Possible reasons:
#   The system is out of physical RAM or swap space
#   In 32 bit mode, the process size limit was hit
# Possible solutions:
#   Reduce memory load on the system
#   Increase physical memory or swap space
#   Check if swap backing store is full
#   Use 64 bit Java on a 64 bit OS
#   Decrease Java heap size (-Xmx/-Xms)
#   Decrease number of Java threads
#   Decrease Java thread stack sizes (-Xss)
#   Set larger code cache with -XX:ReservedCodeCacheSize=
# This output file may be truncated or incomplete.
#
#  Out of Memory Error (os_windows.cpp:3332), pid=24496, tid=0x00000000000065ac
#
# JRE version:  (8.0_112-b15) (build )
# Java VM: Java HotSpot(TM) 64-Bit Server VM (25.112-b15 mixed mode windows-amd64 compressed oops)
# Failed to write core dump. Minidumps are not enabled by default on client versions of Windows
#

---------------  T H R E A D  ---------------

Current thread (0x0000000002a42800):  JavaThread "Unknown thread" [_thread_in_vm, id=26028, stack(0x0000000002940000,0x0000000002a40000)]

Stack: [0x0000000002940000,0x0000000002a40000]
[error occurred during error reporting (printing stack bounds), id 0xc0000005]

Native frames: (J=compiled Java code, j=interpreted, Vv=VM code, C=native code)


---------------  P R O C E S S  ---------------

Java Threads: ( => current thread )

Other Threads:

=>0x0000000002a42800 (exited) JavaThread "Unknown thread" [_thread_in_vm, id=26028, stack(0x0000000002940000,0x0000000002a40000)]

VM state:not at safepoint (not fully initialized)

VM Mutex/Monitor currently owned by a thread: None

GC Heap History (0 events):
No events

Deoptimization events (0 events):
No events

Internal exceptions (0 events):
No events

Events (0 events):
No events


Dynamic libraries:
0x00007ff60bb10000 - 0x00007ff60bb47000 	C:\Program Files\Java\jdk1.8.0_112\bin\java.exe
0x00007ffadc5a0000 - 0x00007ffadc781000 	C:\WINDOWS\SYSTEM32\ntdll.dll
0x00007ffad9fa0000 - 0x00007ffada052000 	C:\WINDOWS\System32\KERNEL32.DLL
0x00007ffad9370000 - 0x00007ffad95e3000 	C:\WINDOWS\System32\KERNELBASE.dll
0x00007ffadc2c0000 - 0x00007ffadc361000 	C:\WINDOWS\System32\ADVAPI32.dll
0x00007ffad9a50000 - 0x00007ffad9aee000 	C:\WINDOWS\System32\msvcrt.dll
0x00007ffadac80000 - 0x00007ffadacdb000 	C:\WINDOWS\System32\sechost.dll
0x00007ffada060000 - 0x00007ffada184000 	C:\WINDOWS\System32\RPCRT4.dll
0x00007ffadc370000 - 0x00007ffadc500000 	C:\WINDOWS\System32\USER32.dll
0x00007ffad8aa0000 - 0x00007ffad8ac0000 	C:\WINDOWS\System32\win32u.dll
0x00007ffad9f40000 - 0x00007ffad9f68000 	C:\WINDOWS\System32\GDI32.dll
0x00007ffad95f0000 - 0x00007ffad9782000 	C:\WINDOWS\System32\gdi32full.dll
0x00007ffad92d0000 - 0x00007ffad936f000 	C:\WINDOWS\System32\msvcp_win.dll
0x00007ffad91d0000 - 0x00007ffad92ca000 	C:\WINDOWS\System32\ucrtbase.dll
0x00007ffacdbc0000 - 0x00007ffacde29000 	C:\WINDOWS\WinSxS\amd64_microsoft.windows.common-controls_6595b64144ccf1df_6.0.17134.228_none_fb4599993062b194\COMCTL32.dll
0x00007ffada950000 - 0x00007ffadac73000 	C:\WINDOWS\System32\combase.dll
0x00007ffad8a20000 - 0x00007ffad8a9a000 	C:\WINDOWS\System32\bcryptPrimitives.dll
0x00007ffad9f70000 - 0x00007ffad9f9d000 	C:\WINDOWS\System32\IMM32.DLL
0x0000000058020000 - 0x00000000580f2000 	C:\Program Files\Java\jdk1.8.0_112\jre\bin\msvcr100.dll
0x0000000055450000 - 0x0000000055cea000 	C:\Program Files\Java\jdk1.8.0_112\jre\bin\server\jvm.dll
0x00007ffadc500000 - 0x00007ffadc508000 	C:\WINDOWS\System32\PSAPI.DLL
0x00007ffad3f80000 - 0x00007ffad3f89000 	C:\WINDOWS\SYSTEM32\WSOCK32.dll
0x00007ffada620000 - 0x00007ffada68c000 	C:\WINDOWS\System32\WS2_32.dll
0x00007ffad2d70000 - 0x00007ffad2d7a000 	C:\WINDOWS\SYSTEM32\VERSION.dll
0x00007ffad5de0000 - 0x00007ffad5e03000 	C:\WINDOWS\SYSTEM32\WINMM.dll
0x00007ffad5db0000 - 0x00007ffad5dda000 	C:\WINDOWS\SYSTEM32\winmmbase.dll
0x00007ffad9790000 - 0x00007ffad97d9000 	C:\WINDOWS\System32\cfgmgr32.dll
0x0000000058240000 - 0x000000005824f000 	C:\Program Files\Java\jdk1.8.0_112\jre\bin\verify.dll
0x0000000057ff0000 - 0x0000000058019000 	C:\Program Files\Java\jdk1.8.0_112\jre\bin\java.dll
0x0000000058220000 - 0x0000000058236000 	C:\Program Files\Java\jdk1.8.0_112\jre\bin\zip.dll

VM Arguments:
jvm_args: -Djava.rmi.server.codebase=file:D:\user\Materias\SCE\pruebaSimpleRMI\example\hello\ 
java_command: example.hello.Client localhost 100
java_class_path (initial): .;C:\Program Files\Java\jdk1.8.0_112;
Launcher Type: SUN_STANDARD

Environment Variables:
CLASSPATH=.;C:\Program Files\Java\jdk1.8.0_112;
USERNAME=RGAMBOAH
OS=Windows_NT
PROCESSOR_IDENTIFIER=Intel64 Family 6 Model 94 Stepping 3, GenuineIntel



---------------  S Y S T E M  ---------------

OS: Windows 10.0 , 64 bit Build 17134 (10.0.17134.1)

CPU:total 8 (4 cores per cpu, 2 threads per core) family 6 model 94 stepping 3, cmov, cx8, fxsr, mmx, sse, sse2, sse3, ssse3, sse4.1, sse4.2, popcnt, avx, avx2, aes, clmul, erms, rtm, 3dnowpref, lzcnt, ht, tsc, tscinvbit, bmi1, bmi2, adx

Memory: 4k page, physical 25084228k(18676100k free), swap 100428792k(6524k free)

vm_info: Java HotSpot(TM) 64-Bit Server VM (25.112-b15) for windows-amd64 JRE (1.8.0_112-b15), built on Sep 22 2016 21:31:56 by "java_re" with MS VC++ 10.0 (VS2010)

time: Tue Aug 28 17:17:14 2018
elapsed time: 1 seconds (0d 0h 0m 1s)

