#
# A fatal error has been detected by the Java Runtime Environment:
#
#  EXCEPTION_ACCESS_VIOLATION (0xc0000005) at pc=0x0000000055663727, pid=30372, tid=0x0000000000004168
#
# JRE version: Java(TM) SE Runtime Environment (8.0_112-b15) (build 1.8.0_112-b15)
# Java VM: Java HotSpot(TM) 64-Bit Server VM (25.112-b15 mixed mode windows-amd64 compressed oops)
# Problematic frame:
# V  [jvm.dll+0x213727]
#
# Failed to write core dump. Minidumps are not enabled by default on client versions of Windows
#
# If you would like to submit a bug report, please visit:
#   http://bugreport.java.com/bugreport/crash.jsp
#

---------------  T H R E A D  ---------------

Current thread (0x0000000003319800):  JavaThread "Finalizer" daemon [_thread_in_vm, id=16744, stack(0x0000000024300000,0x0000000024400000)]

siginfo: ExceptionCode=0xc0000005, writing address 0x00000000243f9190

Registers:
RAX=0x00000000243f9190, RBX=0x0000000000000007, RCX=0x0000000000006000, RDX=0x0000000000000006
RSP=0x00000000243ff190, RBP=0x0000000000000000, RSI=0x00000000243ff190, RDI=0x0000000000000007
R8 =0x0000000000000006, R9 =0x0000000021837ea0, R10=0x0000000020f45088, R11=0x000000002430a160
R12=0x0000000021837ea0, R13=0x0000000003319800, R14=0x00000000243ff258, R15=0x0000000020f45088
RIP=0x0000000055663727, EFLAGS=0x0000000000010206

Top of Stack: (sp=0x00000000243ff190)
0x00000000243ff190:   0000000000000000 00007ffad3f80000
0x00000000243ff1a0:   0000000003319800 0000000021837ea0
0x00000000243ff1b0:   00000000ffffffff 0000000055664657
0x00000000243ff1c0:   00000000243ff2c0 0000000020f45088
0x00000000243ff1d0:   0000000003319800 00000000555105b3
0x00000000243ff1e0:   00000000243ff220 0000000003319800
0x00000000243ff1f0:   00000000243ff2b0 0000000003319800
0x00000000243ff200:   0000000020f45088 0000000003319800
0x00000000243ff210:   0000000003333200 0000000003319800
0x00000000243ff220:   0000000020f45088 0000000003319800
0x00000000243ff230:   0000000020e7d4b8 0000000003319800
0x00000000243ff240:   0000000000000001 0000000020f45088
0x00000000243ff250:   0000000003319800 0000000003319e30
0x00000000243ff260:   0000000003319800 0000000055511a9d
0x00000000243ff270:   00000000243ff578 00000007c00069a0
0x00000000243ff280:   00000007c001d0d8 000000000000004b 

Instructions: (pc=0x0000000055663727)
0x0000000055663707:   48 89 6c 24 30 33 ed 66 90 e8 fb 3b 08 00 ff c3
0x0000000055663717:   48 63 c8 48 8b c6 48 0f af cf 48 ff c7 48 2b c1
0x0000000055663727:   89 28 48 63 c3 48 3b 05 a5 0f 59 00 7e db 48 8b
0x0000000055663737:   6c 24 30 48 8b 5c 24 38 48 8b 74 24 40 48 83 c4 


Register to memory mapping:

RAX=0x00000000243f9190 is pointing into the stack for thread: 0x0000000003319800
RBX=0x0000000000000007 is an unknown value
RCX=0x0000000000006000 is an unknown value
RDX=0x0000000000000006 is an unknown value
RSP=0x00000000243ff190 is pointing into the stack for thread: 0x0000000003319800
RBP=0x0000000000000000 is an unknown value
RSI=0x00000000243ff190 is pointing into the stack for thread: 0x0000000003319800
RDI=0x0000000000000007 is an unknown value
R8 =0x0000000000000006 is an unknown value
R9 =0x0000000021837ea0 is an unknown value
R10={method} {0x0000000020f45090} 'run' '()V' in 'java/lang/ref/Finalizer$FinalizerThread'
R11=0x000000002430a160 is pointing into the stack for thread: 0x0000000003319800
R12=0x0000000021837ea0 is an unknown value
R13=0x0000000003319800 is a thread
R14=0x00000000243ff258 is pointing into the stack for thread: 0x0000000003319800
R15={method} {0x0000000020f45090} 'run' '()V' in 'java/lang/ref/Finalizer$FinalizerThread'


Stack: [0x0000000024300000,0x0000000024400000],  sp=0x00000000243ff190,  free space=1020k
Native frames: (J=compiled Java code, j=interpreted, Vv=VM code, C=native code)


---------------  P R O C E S S  ---------------

Java Threads: ( => current thread )
  0x0000000023794000 JavaThread "Service Thread" daemon [_thread_blocked, id=14400, stack(0x0000000024b20000,0x0000000024c20000)]
  0x000000002378d800 JavaThread "C1 CompilerThread3" daemon [_thread_blocked, id=6296, stack(0x0000000024a20000,0x0000000024b20000)]
  0x000000002378a000 JavaThread "C2 CompilerThread2" daemon [_thread_blocked, id=8940, stack(0x0000000024920000,0x0000000024a20000)]
  0x0000000023787000 JavaThread "C2 CompilerThread1" daemon [_thread_blocked, id=11164, stack(0x0000000024820000,0x0000000024920000)]
  0x0000000023726800 JavaThread "C2 CompilerThread0" daemon [_thread_blocked, id=14128, stack(0x0000000024720000,0x0000000024820000)]
  0x0000000023725800 JavaThread "Attach Listener" daemon [_thread_blocked, id=11528, stack(0x0000000024620000,0x0000000024720000)]
  0x0000000023724000 JavaThread "Signal Dispatcher" daemon [_thread_blocked, id=16712, stack(0x0000000024520000,0x0000000024620000)]
=>0x0000000003319800 JavaThread "Finalizer" daemon [_thread_in_vm, id=16744, stack(0x0000000024300000,0x0000000024400000)]
  0x0000000003318000 JavaThread "Reference Handler" daemon [_thread_blocked, id=5000, stack(0x0000000023600000,0x0000000023700000)]
  0x0000000003222800 JavaThread "main" [_thread_blocked, id=30500, stack(0x0000000003070000,0x0000000003170000)]

Other Threads:
  0x0000000021837000 VMThread [stack: 0x0000000023500000,0x0000000023600000] [id=4684]
  0x00000000237a6000 WatcherThread [stack: 0x0000000024d80000,0x0000000024e80000] [id=6272]

VM state:synchronizing (normal execution)

VM Mutex/Monitor currently owned by a thread:  ([mutex/lock_event])
[0x000000000321d9e0] Threads_lock - owner thread: 0x0000000021837000

Heap:
 PSYoungGen      total 114688K, used 3932K [0x0000000740600000, 0x0000000748600000, 0x00000007c0000000)
  eden space 98304K, 4% used [0x0000000740600000,0x00000007409d70c8,0x0000000746600000)
  from space 16384K, 0% used [0x0000000747600000,0x0000000747600000,0x0000000748600000)
  to   space 16384K, 0% used [0x0000000746600000,0x0000000746600000,0x0000000747600000)
 ParOldGen       total 262144K, used 0K [0x0000000641200000, 0x0000000651200000, 0x0000000740600000)
  object space 262144K, 0% used [0x0000000641200000,0x0000000641200000,0x0000000651200000)
 Metaspace       used 3013K, capacity 4486K, committed 4864K, reserved 1056768K
  class space    used 336K, capacity 386K, committed 512K, reserved 1048576K

Card table byte_map: [0x00000000126e0000,0x00000000132e0000] byte_map_base: 0x000000000f4d7000

Marking Bits: (ParMarkBitMap*) 0x0000000055c6a6d0
 Begin Bits: [0x00000000142e0000, 0x000000001a298000)
 End Bits:   [0x000000001a298000, 0x0000000020250000)

Polling page: 0x0000000001160000

CodeCache: size=245760Kb used=1167Kb max_used=1176Kb free=244592Kb
 bounds [0x0000000003320000, 0x0000000003590000, 0x0000000012320000]
 total_blobs=305 nmethods=57 adapters=161
 compilation: enabled

Compilation events (0 events):
No events

GC Heap History (0 events):
No events

Deoptimization events (0 events):
No events

Internal exceptions (2 events):
Event: 0.560 Thread 0x0000000003222800 Exception <a 'java/lang/NoSuchMethodError': Method sun.misc.Unsafe.defineClass(Ljava/lang/String;[BII)Ljava/lang/Class; name or signature does not match> (0x0000000740607c78) thrown at [C:\re\workspace\8-2-build-windows-amd64-cygwin\jdk8u112\7884\hotspot\
Event: 0.560 Thread 0x0000000003222800 Exception <a 'java/lang/NoSuchMethodError': Method sun.misc.Unsafe.prefetchRead(Ljava/lang/Object;J)V name or signature does not match> (0x0000000740607f60) thrown at [C:\re\workspace\8-2-build-windows-amd64-cygwin\jdk8u112\7884\hotspot\src\share\vm\prims

Events (10 events):
Event: 0.561 loading class java/util/HashMap$Node done
Event: 0.561 loading class sun/misc/VM
Event: 0.561 loading class sun/misc/VM done
Event: 0.561 loading class java/util/Hashtable$Entry
Event: 0.561 loading class java/util/Hashtable$Entry done
Event: 0.561 loading class java/lang/Math
Event: 0.562 loading class java/lang/Math done
Event: 0.562 loading class java/lang/ref/Finalizer$FinalizerThread
Event: 0.562 loading class java/lang/ref/Finalizer$FinalizerThread done
Event: 0.562 Thread 0x0000000003319800 Thread added: 0x0000000003319800


Dynamic libraries:
0x00007ff60bb10000 - 0x00007ff60bb47000 	C:\Program Files\Java\jdk1.8.0_112\bin\java.exe
0x00007ffadc5a0000 - 0x00007ffadc781000 	C:\WINDOWS\SYSTEM32\ntdll.dll
0x00007ffad9fa0000 - 0x00007ffada052000 	C:\WINDOWS\System32\KERNEL32.DLL
0x00007ffad9370000 - 0x00007ffad95e3000 	C:\WINDOWS\System32\KERNELBASE.dll
0x00007ffadc2c0000 - 0x00007ffadc361000 	C:\WINDOWS\System32\ADVAPI32.dll
0x00007ffad9a50000 - 0x00007ffad9aee000 	C:\WINDOWS\System32\msvcrt.dll
0x00007ffadac80000 - 0x00007ffadacdb000 	C:\WINDOWS\System32\sechost.dll
0x00007ffada060000 - 0x00007ffada184000 	C:\WINDOWS\System32\RPCRT4.dll
0x00007ffadc370000 - 0x00007ffadc500000 	C:\WINDOWS\System32\USER32.dll
0x00007ffad8aa0000 - 0x00007ffad8ac0000 	C:\WINDOWS\System32\win32u.dll
0x00007ffad9f40000 - 0x00007ffad9f68000 	C:\WINDOWS\System32\GDI32.dll
0x00007ffad95f0000 - 0x00007ffad9782000 	C:\WINDOWS\System32\gdi32full.dll
0x00007ffad92d0000 - 0x00007ffad936f000 	C:\WINDOWS\System32\msvcp_win.dll
0x00007ffad91d0000 - 0x00007ffad92ca000 	C:\WINDOWS\System32\ucrtbase.dll
0x00007ffacdbc0000 - 0x00007ffacde29000 	C:\WINDOWS\WinSxS\amd64_microsoft.windows.common-controls_6595b64144ccf1df_6.0.17134.228_none_fb4599993062b194\COMCTL32.dll
0x00007ffada950000 - 0x00007ffadac73000 	C:\WINDOWS\System32\combase.dll
0x00007ffad8a20000 - 0x00007ffad8a9a000 	C:\WINDOWS\System32\bcryptPrimitives.dll
0x00007ffad9f70000 - 0x00007ffad9f9d000 	C:\WINDOWS\System32\IMM32.DLL
0x0000000058020000 - 0x00000000580f2000 	C:\Program Files\Java\jdk1.8.0_112\jre\bin\msvcr100.dll
0x0000000055450000 - 0x0000000055cea000 	C:\Program Files\Java\jdk1.8.0_112\jre\bin\server\jvm.dll
0x00007ffadc500000 - 0x00007ffadc508000 	C:\WINDOWS\System32\PSAPI.DLL
0x00007ffad5de0000 - 0x00007ffad5e03000 	C:\WINDOWS\SYSTEM32\WINMM.dll
0x00007ffad2d70000 - 0x00007ffad2d7a000 	C:\WINDOWS\SYSTEM32\VERSION.dll
0x00007ffad5db0000 - 0x00007ffad5dda000 	C:\WINDOWS\SYSTEM32\WINMMBASE.dll
0x00007ffad9790000 - 0x00007ffad97d9000 	C:\WINDOWS\System32\cfgmgr32.dll
0x00007ffad3f80000 - 0x00007ffad3f89000 	C:\WINDOWS\SYSTEM32\WSOCK32.dll
0x00007ffada620000 - 0x00007ffada68c000 	C:\WINDOWS\System32\WS2_32.dll
0x0000000058240000 - 0x000000005824f000 	C:\Program Files\Java\jdk1.8.0_112\jre\bin\verify.dll
0x0000000057ff0000 - 0x0000000058019000 	C:\Program Files\Java\jdk1.8.0_112\jre\bin\java.dll
0x0000000058220000 - 0x0000000058236000 	C:\Program Files\Java\jdk1.8.0_112\jre\bin\zip.dll
0x00007ffadae80000 - 0x00007ffadc2c0000 	C:\WINDOWS\System32\SHELL32.dll
0x00007ffada3e0000 - 0x00007ffada489000 	C:\WINDOWS\System32\shcore.dll
0x00007ffad8ac0000 - 0x00007ffad91cd000 	C:\WINDOWS\System32\windows.storage.dll
0x00007ffada690000 - 0x00007ffada6e1000 	C:\WINDOWS\System32\shlwapi.dll
0x00007ffad8920000 - 0x00007ffad8931000 	C:\WINDOWS\System32\kernel.appcore.dll
0x00007ffad8950000 - 0x00007ffad896f000 	C:\WINDOWS\System32\profapi.dll
0x00007ffad88b0000 - 0x00007ffad88fc000 	C:\WINDOWS\System32\powrprof.dll
0x00007ffad8940000 - 0x00007ffad894a000 	C:\WINDOWS\System32\FLTLIB.DLL
0x00007ffad8280000 - 0x00007ffad8297000 	C:\WINDOWS\SYSTEM32\CRYPTSP.dll
0x00007ffad7cb0000 - 0x00007ffad7ce3000 	C:\WINDOWS\system32\rsaenh.dll
0x00007ffad83b0000 - 0x00007ffad83d5000 	C:\WINDOWS\SYSTEM32\bcrypt.dll
0x00007ffad87e0000 - 0x00007ffad8808000 	C:\WINDOWS\SYSTEM32\USERENV.dll
0x00007ffad82a0000 - 0x00007ffad82ab000 	C:\WINDOWS\SYSTEM32\CRYPTBASE.dll
0x0000000057fd0000 - 0x0000000057fea000 	C:\Program Files\Java\jdk1.8.0_112\jre\bin\net.dll
0x00007ffad80d0000 - 0x00007ffad8136000 	C:\WINDOWS\system32\mswsock.dll
0x00007ffad7e50000 - 0x00007ffad7e88000 	C:\WINDOWS\SYSTEM32\IPHLPAPI.DLL
0x00007ffada7e0000 - 0x00007ffada7e8000 	C:\WINDOWS\System32\NSI.dll
0x00007ffad4780000 - 0x00007ffad4796000 	C:\WINDOWS\SYSTEM32\dhcpcsvc6.DLL
0x00007ffad46e0000 - 0x00007ffad46fa000 	C:\WINDOWS\SYSTEM32\dhcpcsvc.DLL
0x00007ffac91b0000 - 0x00007ffac9379000 	C:\WINDOWS\SYSTEM32\dbghelp.dll

VM Arguments:
jvm_args: -Djava.rmi.server.codebase=file:D:\user\Materias\SCE\pruebaSimpleRMI\example\hello\ 
java_command: example.hello.Client localhost 1000
java_class_path (initial): .;C:\Program Files\Java\jdk1.8.0_112;
Launcher Type: SUN_STANDARD

Environment Variables:
CLASSPATH=.;C:\Program Files\Java\jdk1.8.0_112;
USERNAME=RGAMBOAH
OS=Windows_NT
PROCESSOR_IDENTIFIER=Intel64 Family 6 Model 94 Stepping 3, GenuineIntel



---------------  S Y S T E M  ---------------

OS: Windows 10.0 , 64 bit Build 17134 (10.0.17134.1)

CPU:total 8 (4 cores per cpu, 2 threads per core) family 6 model 94 stepping 3, cmov, cx8, fxsr, mmx, sse, sse2, sse3, ssse3, sse4.1, sse4.2, popcnt, avx, avx2, aes, clmul, erms, rtm, 3dnowpref, lzcnt, ht, tsc, tscinvbit, bmi1, bmi2, adx

Memory: 4k page, physical 25084228k(18061336k free), swap 100581700k(3347328k free)

vm_info: Java HotSpot(TM) 64-Bit Server VM (25.112-b15) for windows-amd64 JRE (1.8.0_112-b15), built on Sep 22 2016 21:31:56 by "java_re" with MS VC++ 10.0 (VS2010)

time: Tue Aug 28 17:04:40 2018
elapsed time: 3 seconds (0d 0h 0m 3s)

