#
# There is insufficient memory for the Java Runtime Environment to continue.
# Native memory allocation (malloc) failed to allocate 32744 bytes for ChunkPool::allocate
# Possible reasons:
#   The system is out of physical RAM or swap space
#   In 32 bit mode, the process size limit was hit
# Possible solutions:
#   Reduce memory load on the system
#   Increase physical memory or swap space
#   Check if swap backing store is full
#   Use 64 bit Java on a 64 bit OS
#   Decrease Java heap size (-Xmx/-Xms)
#   Decrease number of Java threads
#   Decrease Java thread stack sizes (-Xss)
#   Set larger code cache with -XX:ReservedCodeCacheSize=
# This output file may be truncated or incomplete.
#
#  Out of Memory Error (allocation.cpp:273), pid=18788, tid=0x0000000000006430
#
# JRE version: Java(TM) SE Runtime Environment (8.0_112-b15) (build 1.8.0_112-b15)
# Java VM: Java HotSpot(TM) 64-Bit Server VM (25.112-b15 mixed mode windows-amd64 compressed oops)
# Failed to write core dump. Minidumps are not enabled by default on client versions of Windows
#

---------------  T H R E A D  ---------------

Current thread (0x0000000023806800):  JavaThread "C1 CompilerThread3" daemon [_thread_in_native, id=25648, stack(0x0000000024290000,0x0000000024390000)]

Stack: [0x0000000024290000,0x0000000024390000]
[error occurred during error reporting (printing stack bounds), id 0xc0000005]

Native frames: (J=compiled Java code, j=interpreted, Vv=VM code, C=native code)


Current CompileTask:
C1:   8679  124   !   3       java.util.concurrent.ConcurrentHashMap::putVal (362 bytes)


---------------  P R O C E S S  ---------------

Java Threads: ( => current thread )
  0x000000002380c800 JavaThread "Service Thread" daemon [_thread_blocked, id=25020, stack(0x0000000024390000,0x0000000024490000)]
=>0x0000000023806800 JavaThread "C1 CompilerThread3" daemon [_thread_in_native, id=25648, stack(0x0000000024290000,0x0000000024390000)]
  0x00000000237f9800 JavaThread "C2 CompilerThread2" daemon [_thread_blocked, id=4744, stack(0x0000000024190000,0x0000000024290000)]
  0x00000000237f7000 JavaThread "C2 CompilerThread1" daemon [_thread_blocked, id=13944, stack(0x0000000024090000,0x0000000024190000)]
  0x000000002379b000 JavaThread "C2 CompilerThread0" daemon [_thread_blocked, id=20820, stack(0x0000000023f90000,0x0000000024090000)]
  0x0000000023799800 JavaThread "Attach Listener" daemon [_thread_blocked, id=15568, stack(0x0000000023e90000,0x0000000023f90000)]
  0x0000000023798800 JavaThread "Signal Dispatcher" daemon [_thread_blocked, id=19780, stack(0x0000000023d90000,0x0000000023e90000)]
  0x0000000023790800 JavaThread "Finalizer" daemon [_thread_blocked, id=10772, stack(0x0000000023b70000,0x0000000023c70000)]
  0x00000000032e8000 JavaThread "Reference Handler" daemon [_thread_blocked, id=9584, stack(0x0000000023670000,0x0000000023770000)]
  0x00000000031f2800 JavaThread "main" [_thread_blocked, id=10884, stack(0x00000000030f0000,0x00000000031f0000)]

Other Threads:
  0x0000000021887800 VMThread [stack: 0x0000000023570000,0x0000000023670000] [id=20580]
  0x0000000023837000 WatcherThread [stack: 0x00000000245f0000,0x00000000246f0000] [id=8632]

VM state:at safepoint (normal execution)

VM Mutex/Monitor currently owned by a thread:  ([mutex/lock_event])
[0x00000000030ed230] Threads_lock - owner thread: 0x0000000021887800
[0x00000000030ed030] Heap_lock - owner thread: 0x00000000031f2800

Heap:
 PSYoungGen      total 114688K, used 5898K [0x0000000740600000, 0x0000000748600000, 0x00000007c0000000)
  eden space 98304K, 6% used [0x0000000740600000,0x0000000740bc2b28,0x0000000746600000)
  from space 16384K, 0% used [0x0000000747600000,0x0000000747600000,0x0000000748600000)
  to   space 16384K, 5% used [0x0000000746600000,0x00000007466e8000,0x0000000747600000)
 ParOldGen       total 262144K, used 8K [0x0000000641200000, 0x0000000651200000, 0x0000000740600000)
  object space 262144K, 0% used [0x0000000641200000,0x0000000641202000,0x0000000651200000)
 Metaspace       used 5364K, capacity 5428K, committed 5632K, reserved 1062912K
  class space    used 622K, capacity 659K, committed 768K, reserved 1048576K

Card table byte_map: [0x00000000126b0000,0x00000000132b0000] byte_map_base: 0x000000000f4a7000

Marking Bits: (ParMarkBitMap*) 0x0000000055c6a6d0
 Begin Bits: [0x00000000142b0000, 0x000000001a268000)
 End Bits:   [0x000000001a268000, 0x0000000020220000)

Polling page: 0x00000000012d0000

CodeCache: size=245760Kb used=1300Kb max_used=1312Kb free=244459Kb
 bounds [0x00000000032f0000, 0x0000000003560000, 0x00000000122f0000]
 total_blobs=467 nmethods=165 adapters=215
 compilation: enabled

Compilation events (10 events):
Event: 7.390 Thread 0x0000000023806800 nmethod 118 0x000000000342dc90 code [0x000000000342de20, 0x000000000342e148]
Event: 7.390 Thread 0x0000000023806800  120       3       java.lang.String::lastIndexOf (13 bytes)
Event: 7.390 Thread 0x0000000023806800 nmethod 120 0x000000000342e290 code [0x000000000342e400, 0x000000000342e628]
Event: 7.390 Thread 0x0000000023806800  119       3       java.util.ArrayList::ensureExplicitCapacity (26 bytes)
Event: 7.390 Thread 0x0000000023806800 nmethod 119 0x000000000342e6d0 code [0x000000000342e840, 0x000000000342ea28]
Event: 7.390 Thread 0x0000000023806800  121       1       java.util.ArrayList::size (5 bytes)
Event: 7.390 Thread 0x0000000023806800 nmethod 121 0x000000000342eb10 code [0x000000000342ec60, 0x000000000342ed70]
Event: 7.390 Thread 0x0000000023806800  123       3       java.lang.String::startsWith (72 bytes)
Event: 7.390 Thread 0x0000000023806800 nmethod 123 0x000000000342edd0 code [0x000000000342ef40, 0x000000000342f270]
Event: 7.390 Thread 0x0000000023806800  124   !   3       java.util.concurrent.ConcurrentHashMap::putVal (362 bytes)

GC Heap History (0 events):
No events

Deoptimization events (0 events):
No events

Internal exceptions (3 events):
Event: 0.153 Thread 0x00000000031f2800 Exception <a 'java/lang/NoSuchMethodError': Method sun.misc.Unsafe.defineClass(Ljava/lang/String;[BII)Ljava/lang/Class; name or signature does not match> (0x0000000740607c78) thrown at [C:\re\workspace\8-2-build-windows-amd64-cygwin\jdk8u112\7884\hotspot\
Event: 0.153 Thread 0x00000000031f2800 Exception <a 'java/lang/NoSuchMethodError': Method sun.misc.Unsafe.prefetchRead(Ljava/lang/Object;J)V name or signature does not match> (0x0000000740607f60) thrown at [C:\re\workspace\8-2-build-windows-amd64-cygwin\jdk8u112\7884\hotspot\src\share\vm\prims
Event: 0.981 Thread 0x00000000031f2800 Exception <a 'java/io/FileNotFoundException'> (0x0000000740663f60) thrown at [C:\re\workspace\8-2-build-windows-amd64-cygwin\jdk8u112\7884\hotspot\src\share\vm\prims\jni.cpp, line 709]

Events (10 events):
Event: 7.387 loading class java/util/RandomAccessSubList
Event: 7.387 loading class java/util/SubList
Event: 7.387 loading class java/util/SubList done
Event: 7.388 loading class java/util/RandomAccessSubList done
Event: 7.388 loading class java/util/SubList$1
Event: 7.388 loading class java/util/SubList$1 done
Event: 7.388 loading class java/util/AbstractList$ListItr
Event: 7.388 loading class java/util/AbstractList$ListItr done
Event: 7.391 loading class sun/misc/ObjectStreamClassValidator
Event: 7.391 loading class sun/misc/ObjectStreamClassValidator done


Dynamic libraries:
0x00007ff60bb10000 - 0x00007ff60bb47000 	C:\Program Files\Java\jdk1.8.0_112\bin\java.exe
0x00007ffadc5a0000 - 0x00007ffadc781000 	C:\WINDOWS\SYSTEM32\ntdll.dll
0x00007ffad9fa0000 - 0x00007ffada052000 	C:\WINDOWS\System32\KERNEL32.DLL
0x00007ffad9370000 - 0x00007ffad95e3000 	C:\WINDOWS\System32\KERNELBASE.dll
0x00007ffadc2c0000 - 0x00007ffadc361000 	C:\WINDOWS\System32\ADVAPI32.dll
0x00007ffad9a50000 - 0x00007ffad9aee000 	C:\WINDOWS\System32\msvcrt.dll
0x00007ffadac80000 - 0x00007ffadacdb000 	C:\WINDOWS\System32\sechost.dll
0x00007ffada060000 - 0x00007ffada184000 	C:\WINDOWS\System32\RPCRT4.dll
0x00007ffadc370000 - 0x00007ffadc500000 	C:\WINDOWS\System32\USER32.dll
0x00007ffad8aa0000 - 0x00007ffad8ac0000 	C:\WINDOWS\System32\win32u.dll
0x00007ffad9f40000 - 0x00007ffad9f68000 	C:\WINDOWS\System32\GDI32.dll
0x00007ffad95f0000 - 0x00007ffad9782000 	C:\WINDOWS\System32\gdi32full.dll
0x00007ffad92d0000 - 0x00007ffad936f000 	C:\WINDOWS\System32\msvcp_win.dll
0x00007ffad91d0000 - 0x00007ffad92ca000 	C:\WINDOWS\System32\ucrtbase.dll
0x00007ffacdbc0000 - 0x00007ffacde29000 	C:\WINDOWS\WinSxS\amd64_microsoft.windows.common-controls_6595b64144ccf1df_6.0.17134.228_none_fb4599993062b194\COMCTL32.dll
0x00007ffada950000 - 0x00007ffadac73000 	C:\WINDOWS\System32\combase.dll
0x00007ffad8a20000 - 0x00007ffad8a9a000 	C:\WINDOWS\System32\bcryptPrimitives.dll
0x00007ffad9f70000 - 0x00007ffad9f9d000 	C:\WINDOWS\System32\IMM32.DLL
0x0000000058020000 - 0x00000000580f2000 	C:\Program Files\Java\jdk1.8.0_112\jre\bin\msvcr100.dll
0x0000000055450000 - 0x0000000055cea000 	C:\Program Files\Java\jdk1.8.0_112\jre\bin\server\jvm.dll
0x00007ffadc500000 - 0x00007ffadc508000 	C:\WINDOWS\System32\PSAPI.DLL
0x00007ffad3f80000 - 0x00007ffad3f89000 	C:\WINDOWS\SYSTEM32\WSOCK32.dll
0x00007ffada620000 - 0x00007ffada68c000 	C:\WINDOWS\System32\WS2_32.dll
0x00007ffad5de0000 - 0x00007ffad5e03000 	C:\WINDOWS\SYSTEM32\WINMM.dll
0x00007ffad2d70000 - 0x00007ffad2d7a000 	C:\WINDOWS\SYSTEM32\VERSION.dll
0x00007ffad5db0000 - 0x00007ffad5dda000 	C:\WINDOWS\SYSTEM32\winmmbase.dll
0x00007ffad9790000 - 0x00007ffad97d9000 	C:\WINDOWS\System32\cfgmgr32.dll
0x0000000058240000 - 0x000000005824f000 	C:\Program Files\Java\jdk1.8.0_112\jre\bin\verify.dll
0x0000000057ff0000 - 0x0000000058019000 	C:\Program Files\Java\jdk1.8.0_112\jre\bin\java.dll
0x0000000058220000 - 0x0000000058236000 	C:\Program Files\Java\jdk1.8.0_112\jre\bin\zip.dll
0x00007ffadae80000 - 0x00007ffadc2c0000 	C:\WINDOWS\System32\SHELL32.dll
0x00007ffada3e0000 - 0x00007ffada489000 	C:\WINDOWS\System32\shcore.dll
0x00007ffad8ac0000 - 0x00007ffad91cd000 	C:\WINDOWS\System32\windows.storage.dll
0x00007ffada690000 - 0x00007ffada6e1000 	C:\WINDOWS\System32\shlwapi.dll
0x00007ffad8920000 - 0x00007ffad8931000 	C:\WINDOWS\System32\kernel.appcore.dll
0x00007ffad8950000 - 0x00007ffad896f000 	C:\WINDOWS\System32\profapi.dll
0x00007ffad88b0000 - 0x00007ffad88fc000 	C:\WINDOWS\System32\powrprof.dll
0x00007ffad8940000 - 0x00007ffad894a000 	C:\WINDOWS\System32\FLTLIB.DLL
0x00007ffad8280000 - 0x00007ffad8297000 	C:\WINDOWS\SYSTEM32\CRYPTSP.dll
0x00007ffad7cb0000 - 0x00007ffad7ce3000 	C:\WINDOWS\system32\rsaenh.dll
0x00007ffad83b0000 - 0x00007ffad83d5000 	C:\WINDOWS\SYSTEM32\bcrypt.dll
0x00007ffad87e0000 - 0x00007ffad8808000 	C:\WINDOWS\SYSTEM32\USERENV.dll
0x00007ffad82a0000 - 0x00007ffad82ab000 	C:\WINDOWS\SYSTEM32\CRYPTBASE.dll
0x0000000057fd0000 - 0x0000000057fea000 	C:\Program Files\Java\jdk1.8.0_112\jre\bin\net.dll
0x00007ffad80d0000 - 0x00007ffad8136000 	C:\WINDOWS\system32\mswsock.dll
0x00007ffad7e50000 - 0x00007ffad7e88000 	C:\WINDOWS\SYSTEM32\IPHLPAPI.DLL
0x00007ffada7e0000 - 0x00007ffada7e8000 	C:\WINDOWS\System32\NSI.dll
0x00007ffad4780000 - 0x00007ffad4796000 	C:\WINDOWS\SYSTEM32\dhcpcsvc6.DLL
0x00007ffad46e0000 - 0x00007ffad46fa000 	C:\WINDOWS\SYSTEM32\dhcpcsvc.DLL
0x0000000057fb0000 - 0x0000000057fc1000 	C:\Program Files\Java\jdk1.8.0_112\jre\bin\nio.dll
0x00007ffacf410000 - 0x00007ffacf426000 	C:\WINDOWS\system32\napinsp.dll
0x00007ffacf3f0000 - 0x00007ffacf40a000 	C:\WINDOWS\system32\pnrpnsp.dll
0x00007ffad62b0000 - 0x00007ffad62c9000 	C:\WINDOWS\system32\NLAapi.dll
0x00007ffad7e90000 - 0x00007ffad7f4e000 	C:\WINDOWS\SYSTEM32\DNSAPI.dll
0x00007ffacf470000 - 0x00007ffacf47e000 	C:\WINDOWS\System32\winrnr.dll
0x00007ffad39f0000 - 0x00007ffad39fa000 	C:\Windows\System32\rasadhlp.dll
0x00007ffad5810000 - 0x00007ffad5882000 	C:\WINDOWS\System32\fwpuclnt.dll

VM Arguments:
jvm_args: -Djava.rmi.server.codebase=file:D:\user\Materias\SCE\pruebaSimpleRMI\example\hello\ 
java_command: example.hello.Client localhost 1000
java_class_path (initial): .;C:\Program Files\Java\jdk1.8.0_112;
Launcher Type: SUN_STANDARD

Environment Variables:
CLASSPATH=.;C:\Program Files\Java\jdk1.8.0_112;
USERNAME=RGAMBOAH
OS=Windows_NT
PROCESSOR_IDENTIFIER=Intel64 Family 6 Model 94 Stepping 3, GenuineIntel



---------------  S Y S T E M  ---------------

OS: Windows 10.0 , 64 bit Build 17134 (10.0.17134.1)

CPU:total 8 (4 cores per cpu, 2 threads per core) family 6 model 94 stepping 3, cmov, cx8, fxsr, mmx, sse, sse2, sse3, ssse3, sse4.1, sse4.2, popcnt, avx, avx2, aes, clmul, erms, rtm, 3dnowpref, lzcnt, ht, tsc, tscinvbit, bmi1, bmi2, adx

Memory: 4k page, physical 25084228k(18061336k free), swap 100581700k(3347328k free)

vm_info: Java HotSpot(TM) 64-Bit Server VM (25.112-b15) for windows-amd64 JRE (1.8.0_112-b15), built on Sep 22 2016 21:31:56 by "java_re" with MS VC++ 10.0 (VS2010)

time: Tue Aug 28 17:04:40 2018
elapsed time: 8 seconds (0d 0h 0m 8s)

